<?xml version="1.0" encoding="UTF-8"?>
<!-- Generated by org.testng.reporters.JUnitReportReporter -->
<testsuite hostname="DESKTOP-A9MJQB4" name="com.SampleProject.TestCases.AddCustomerTest" tests="1" failures="0" timestamp="24 Apr 2022 04:07:24 GMT" time="26.549" errors="0">
  <testcase name="addNewCustomer" time="26.549" classname="com.SampleProject.TestCases.AddCustomerTest"/>
</testsuite> <!-- com.SampleProject.TestCases.AddCustomerTest -->
