<?xml version="1.0" encoding="UTF-8"?>
<!-- Generated by org.testng.reporters.JUnitReportReporter -->
<testsuite hostname="DESKTOP-A9MJQB4" name="com.SampleProject.TestCases.LoginTest_001" tests="1" failures="0" timestamp="24 Apr 2022 03:46:18 GMT" time="4.615" errors="0">
  <testcase name="loginTest" time="4.615" classname="com.SampleProject.TestCases.LoginTest_001"/>
</testsuite> <!-- com.SampleProject.TestCases.LoginTest_001 -->
